#   Rank  0 Pid 1111460 on oneflow-27 device  0 [0x0f] NVIDIA GeForce RTX 3090
#   Rank  1 Pid 1111460 on oneflow-27 device  1 [0x10] NVIDIA GeForce RTX 3090
#   Rank  2 Pid 1111460 on oneflow-27 device  2 [0x11] NVIDIA GeForce RTX 3090
#   Rank  3 Pid 1111460 on oneflow-27 device  3 [0x12] NVIDIA GeForce RTX 3090
#   Rank  4 Pid 1111460 on oneflow-27 device  4 [0x9b] NVIDIA GeForce RTX 3090
#   Rank  5 Pid 1111460 on oneflow-27 device  5 [0x9c] NVIDIA GeForce RTX 3090
#   Rank  6 Pid 1111460 on oneflow-27 device  6 [0x9d] NVIDIA GeForce RTX 3090
#   Rank  7 Pid 1111460 on oneflow-27 device  7 [0x9e] NVIDIA GeForce RTX 3090
oneflow-27:1111460:1111566 [4] NCCL INFO === System : maxBw 7.0 totalBw 24.0 ===
oneflow-27:1111460:1111566 [4] NCCL INFO CPU/0 (1/1/2)
oneflow-27:1111460:1111566 [4] NCCL INFO + PCI[24.0] - PCI/C000 (11f8400011f8beef)
oneflow-27:1111460:1111566 [4] NCCL INFO               + PCI[24.0] - GPU/F000 (0)
oneflow-27:1111460:1111566 [4] NCCL INFO               + PCI[24.0] - GPU/10000 (1)
oneflow-27:1111460:1111566 [4] NCCL INFO               + PCI[24.0] - GPU/11000 (2)
oneflow-27:1111460:1111566 [4] NCCL INFO               + PCI[24.0] - GPU/12000 (3)
oneflow-27:1111460:1111566 [4] NCCL INFO + SYS[10.0] - CPU/1
oneflow-27:1111460:1111566 [4] NCCL INFO CPU/1 (1/1/2)
oneflow-27:1111460:1111566 [4] NCCL INFO + PCI[24.0] - PCI/98000 (11f8400011f8beef)
oneflow-27:1111460:1111566 [4] NCCL INFO               + PCI[24.0] - GPU/9B000 (4)
oneflow-27:1111460:1111566 [4] NCCL INFO               + PCI[24.0] - GPU/9C000 (5)
oneflow-27:1111460:1111566 [4] NCCL INFO               + PCI[24.0] - GPU/9D000 (6)
oneflow-27:1111460:1111566 [4] NCCL INFO               + PCI[24.0] - GPU/9E000 (7)
oneflow-27:1111460:1111566 [4] NCCL INFO               + PCI[24.0] - NIC/9A000
oneflow-27:1111460:1111566 [4] NCCL INFO                             + NET[7.0] - NET/0 (30c7170003fd7010/1/7.000000)
oneflow-27:1111460:1111566 [4] NCCL INFO + SYS[10.0] - CPU/0
oneflow-27:1111460:1111566 [4] NCCL INFO ==========================================
oneflow-27:1111460:1111566 [4] NCCL INFO GPU/F000 :GPU/F000 (0/5000.000000/LOC) GPU/10000 (4/24.000000/PHB) GPU/11000 (4/24.000000/PHB) GPU/12000 (4/24.000000/PHB) GPU/9B000 (5/10.000000/SYS) GPU/9C000 (5/10.000000/SYS) GPU/9D000 (5/10.000000/SYS) GPU/9E000 (5/10.000000/SYS) CPU/0 (2/24.000000/PHB) CPU/1 (3/10.000000/SYS) NET/0 (6/7.000000/SYS) 
oneflow-27:1111460:1111566 [4] NCCL INFO GPU/10000 :GPU/F000 (4/24.000000/PHB) GPU/10000 (0/5000.000000/LOC) GPU/11000 (4/24.000000/PHB) GPU/12000 (4/24.000000/PHB) GPU/9B000 (5/10.000000/SYS) GPU/9C000 (5/10.000000/SYS) GPU/9D000 (5/10.000000/SYS) GPU/9E000 (5/10.000000/SYS) CPU/0 (2/24.000000/PHB) CPU/1 (3/10.000000/SYS) NET/0 (6/7.000000/SYS) 
oneflow-27:1111460:1111566 [4] NCCL INFO GPU/11000 :GPU/F000 (4/24.000000/PHB) GPU/10000 (4/24.000000/PHB) GPU/11000 (0/5000.000000/LOC) GPU/12000 (4/24.000000/PHB) GPU/9B000 (5/10.000000/SYS) GPU/9C000 (5/10.000000/SYS) GPU/9D000 (5/10.000000/SYS) GPU/9E000 (5/10.000000/SYS) CPU/0 (2/24.000000/PHB) CPU/1 (3/10.000000/SYS) NET/0 (6/7.000000/SYS) 
oneflow-27:1111460:1111566 [4] NCCL INFO GPU/12000 :GPU/F000 (4/24.000000/PHB) GPU/10000 (4/24.000000/PHB) GPU/11000 (4/24.000000/PHB) GPU/12000 (0/5000.000000/LOC) GPU/9B000 (5/10.000000/SYS) GPU/9C000 (5/10.000000/SYS) GPU/9D000 (5/10.000000/SYS) GPU/9E000 (5/10.000000/SYS) CPU/0 (2/24.000000/PHB) CPU/1 (3/10.000000/SYS) NET/0 (6/7.000000/SYS) 
oneflow-27:1111460:1111566 [4] NCCL INFO GPU/9B000 :GPU/F000 (5/10.000000/SYS) GPU/10000 (5/10.000000/SYS) GPU/11000 (5/10.000000/SYS) GPU/12000 (5/10.000000/SYS) GPU/9B000 (0/5000.000000/LOC) GPU/9C000 (4/24.000000/PHB) GPU/9D000 (4/24.000000/PHB) GPU/9E000 (4/24.000000/PHB) CPU/0 (3/10.000000/SYS) CPU/1 (2/24.000000/PHB) NET/0 (5/7.000000/PHB) 
oneflow-27:1111460:1111566 [4] NCCL INFO GPU/9C000 :GPU/F000 (5/10.000000/SYS) GPU/10000 (5/10.000000/SYS) GPU/11000 (5/10.000000/SYS) GPU/12000 (5/10.000000/SYS) GPU/9B000 (4/24.000000/PHB) GPU/9C000 (0/5000.000000/LOC) GPU/9D000 (4/24.000000/PHB) GPU/9E000 (4/24.000000/PHB) CPU/0 (3/10.000000/SYS) CPU/1 (2/24.000000/PHB) NET/0 (5/7.000000/PHB) 
oneflow-27:1111460:1111566 [4] NCCL INFO GPU/9D000 :GPU/F000 (5/10.000000/SYS) GPU/10000 (5/10.000000/SYS) GPU/11000 (5/10.000000/SYS) GPU/12000 (5/10.000000/SYS) GPU/9B000 (4/24.000000/PHB) GPU/9C000 (4/24.000000/PHB) GPU/9D000 (0/5000.000000/LOC) GPU/9E000 (4/24.000000/PHB) CPU/0 (3/10.000000/SYS) CPU/1 (2/24.000000/PHB) NET/0 (5/7.000000/PHB) 
oneflow-27:1111460:1111566 [4] NCCL INFO GPU/9E000 :GPU/F000 (5/10.000000/SYS) GPU/10000 (5/10.000000/SYS) GPU/11000 (5/10.000000/SYS) GPU/12000 (5/10.000000/SYS) GPU/9B000 (4/24.000000/PHB) GPU/9C000 (4/24.000000/PHB) GPU/9D000 (4/24.000000/PHB) GPU/9E000 (0/5000.000000/LOC) CPU/0 (3/10.000000/SYS) CPU/1 (2/24.000000/PHB) NET/0 (5/7.000000/PHB) 
oneflow-27:1111460:1111566 [4] NCCL INFO NET/0 :GPU/F000 (6/7.000000/SYS) GPU/10000 (6/7.000000/SYS) GPU/11000 (6/7.000000/SYS) GPU/12000 (6/7.000000/SYS) GPU/9B000 (5/7.000000/PHB) GPU/9C000 (5/7.000000/PHB) GPU/9D000 (5/7.000000/PHB) GPU/9E000 (5/7.000000/PHB) CPU/0 (4/7.000000/SYS) CPU/1 (3/7.000000/PHB) NET/0 (0/5000.000000/LOC) 
oneflow-27:1111460:1111566 [4] NCCL INFO Pattern 4, crossNic 0, nChannels 1, bw 4.000000/4.000000, type SYS/SYS, sameChannels 1
oneflow-27:1111460:1111566 [4] NCCL INFO  0 : NET/0 GPU/0 GPU/1 GPU/2 GPU/3 GPU/4 GPU/5 GPU/6 GPU/7 NET/0
oneflow-27:1111460:1111566 [4] NCCL INFO Pattern 1, crossNic 0, nChannels 1, bw 4.000000/4.000000, type SYS/SYS, sameChannels 1
oneflow-27:1111460:1111566 [4] NCCL INFO  0 : NET/0 GPU/0 GPU/1 GPU/2 GPU/3 GPU/4 GPU/5 GPU/6 GPU/7 NET/0
oneflow-27:1111460:1111564 [2] NCCL INFO === System : maxBw 7.0 totalBw 24.0 ===
oneflow-27:1111460:1111564 [2] NCCL INFO CPU/0 (1/1/2)
oneflow-27:1111460:1111564 [2] NCCL INFO + PCI[24.0] - PCI/C000 (11f8400011f8beef)
oneflow-27:1111460:1111564 [2] NCCL INFO               + PCI[24.0] - GPU/F000 (0)
oneflow-27:1111460:1111564 [2] NCCL INFO               + PCI[24.0] - GPU/10000 (1)
oneflow-27:1111460:1111564 [2] NCCL INFO               + PCI[24.0] - GPU/11000 (2)
oneflow-27:1111460:1111564 [2] NCCL INFO               + PCI[24.0] - GPU/12000 (3)
oneflow-27:1111460:1111564 [2] NCCL INFO + SYS[10.0] - CPU/1
oneflow-27:1111460:1111564 [2] NCCL INFO CPU/1 (1/1/2)
oneflow-27:1111460:1111564 [2] NCCL INFO + PCI[24.0] - PCI/98000 (11f8400011f8beef)
oneflow-27:1111460:1111564 [2] NCCL INFO               + PCI[24.0] - GPU/9B000 (4)
oneflow-27:1111460:1111564 [2] NCCL INFO               + PCI[24.0] - GPU/9C000 (5)
oneflow-27:1111460:1111564 [2] NCCL INFO               + PCI[24.0] - GPU/9D000 (6)
oneflow-27:1111460:1111564 [2] NCCL INFO               + PCI[24.0] - GPU/9E000 (7)
oneflow-27:1111460:1111564 [2] NCCL INFO               + PCI[24.0] - NIC/9A000
oneflow-27:1111460:1111564 [2] NCCL INFO                             + NET[7.0] - NET/0 (30c7170003fd7010/1/7.000000)
oneflow-27:1111460:1111564 [2] NCCL INFO + SYS[10.0] - CPU/0
oneflow-27:1111460:1111564 [2] NCCL INFO ==========================================
oneflow-27:1111460:1111564 [2] NCCL INFO GPU/F000 :GPU/F000 (0/5000.000000/LOC) GPU/10000 (4/24.000000/PHB) GPU/11000 (4/24.000000/PHB) GPU/12000 (4/24.000000/PHB) GPU/9B000 (5/10.000000/SYS) GPU/9C000 (5/10.000000/SYS) GPU/9D000 (5/10.000000/SYS) GPU/9E000 (5/10.000000/SYS) CPU/0 (2/24.000000/PHB) CPU/1 (3/10.000000/SYS) NET/0 (6/7.000000/SYS) 
oneflow-27:1111460:1111564 [2] NCCL INFO GPU/10000 :GPU/F000 (4/24.000000/PHB) GPU/10000 (0/5000.000000/LOC) GPU/11000 (4/24.000000/PHB) GPU/12000 (4/24.000000/PHB) GPU/9B000 (5/10.000000/SYS) GPU/9C000 (5/10.000000/SYS) GPU/9D000 (5/10.000000/SYS) GPU/9E000 (5/10.000000/SYS) CPU/0 (2/24.000000/PHB) CPU/1 (3/10.000000/SYS) NET/0 (6/7.000000/SYS) 
oneflow-27:1111460:1111564 [2] NCCL INFO GPU/11000 :GPU/F000 (4/24.000000/PHB) GPU/10000 (4/24.000000/PHB) GPU/11000 (0/5000.000000/LOC) GPU/12000 (4/24.000000/PHB) GPU/9B000 (5/10.000000/SYS) GPU/9C000 (5/10.000000/SYS) GPU/9D000 (5/10.000000/SYS) GPU/9E000 (5/10.000000/SYS) CPU/0 (2/24.000000/PHB) CPU/1 (3/10.000000/SYS) NET/0 (6/7.000000/SYS) 
oneflow-27:1111460:1111564 [2] NCCL INFO GPU/12000 :GPU/F000 (4/24.000000/PHB) GPU/10000 (4/24.000000/PHB) GPU/11000 (4/24.000000/PHB) GPU/12000 (0/5000.000000/LOC) GPU/9B000 (5/10.000000/SYS) GPU/9C000 (5/10.000000/SYS) GPU/9D000 (5/10.000000/SYS) GPU/9E000 (5/10.000000/SYS) CPU/0 (2/24.000000/PHB) CPU/1 (3/10.000000/SYS) NET/0 (6/7.000000/SYS) 
oneflow-27:1111460:1111564 [2] NCCL INFO GPU/9B000 :GPU/F000 (5/10.000000/SYS) GPU/10000 (5/10.000000/SYS) GPU/11000 (5/10.000000/SYS) GPU/12000 (5/10.000000/SYS) GPU/9B000 (0/5000.000000/LOC) GPU/9C000 (4/24.000000/PHB) GPU/9D000 (4/24.000000/PHB) GPU/9E000 (4/24.000000/PHB) CPU/0 (3/10.000000/SYS) CPU/1 (2/24.000000/PHB) NET/0 (5/7.000000/PHB) 
oneflow-27:1111460:1111564 [2] NCCL INFO GPU/9C000 :GPU/F000 (5/10.000000/SYS) GPU/10000 (5/10.000000/SYS) GPU/11000 (5/10.000000/SYS) GPU/12000 (5/10.000000/SYS) GPU/9B000 (4/24.000000/PHB) GPU/9C000 (0/5000.000000/LOC) GPU/9D000 (4/24.000000/PHB) GPU/9E000 (4/24.000000/PHB) CPU/0 (3/10.000000/SYS) CPU/1 (2/24.000000/PHB) NET/0 (5/7.000000/PHB) 
oneflow-27:1111460:1111564 [2] NCCL INFO GPU/9D000 :GPU/F000 (5/10.000000/SYS) GPU/10000 (5/10.000000/SYS) GPU/11000 (5/10.000000/SYS) GPU/12000 (5/10.000000/SYS) GPU/9B000 (4/24.000000/PHB) GPU/9C000 (4/24.000000/PHB) GPU/9D000 (0/5000.000000/LOC) GPU/9E000 (4/24.000000/PHB) CPU/0 (3/10.000000/SYS) CPU/1 (2/24.000000/PHB) NET/0 (5/7.000000/PHB) 
oneflow-27:1111460:1111564 [2] NCCL INFO GPU/9E000 :GPU/F000 (5/10.000000/SYS) GPU/10000 (5/10.000000/SYS) GPU/11000 (5/10.000000/SYS) GPU/12000 (5/10.000000/SYS) GPU/9B000 (4/24.000000/PHB) GPU/9C000 (4/24.000000/PHB) GPU/9D000 (4/24.000000/PHB) GPU/9E000 (0/5000.000000/LOC) CPU/0 (3/10.000000/SYS) CPU/1 (2/24.000000/PHB) NET/0 (5/7.000000/PHB) 
oneflow-27:1111460:1111564 [2] NCCL INFO NET/0 :GPU/F000 (6/7.000000/SYS) GPU/10000 (6/7.000000/SYS) GPU/11000 (6/7.000000/SYS) GPU/12000 (6/7.000000/SYS) GPU/9B000 (5/7.000000/PHB) GPU/9C000 (5/7.000000/PHB) GPU/9D000 (5/7.000000/PHB) GPU/9E000 (5/7.000000/PHB) CPU/0 (4/7.000000/SYS) CPU/1 (3/7.000000/PHB) NET/0 (0/5000.000000/LOC) 
oneflow-27:1111460:1111562 [0] NCCL INFO === System : maxBw 7.0 totalBw 24.0 ===
oneflow-27:1111460:1111562 [0] NCCL INFO CPU/0 (1/1/2)
oneflow-27:1111460:1111562 [0] NCCL INFO + PCI[24.0] - PCI/C000 (11f8400011f8beef)
oneflow-27:1111460:1111562 [0] NCCL INFO               + PCI[24.0] - GPU/F000 (0)
oneflow-27:1111460:1111562 [0] NCCL INFO               + PCI[24.0] - GPU/10000 (1)
oneflow-27:1111460:1111562 [0] NCCL INFO               + PCI[24.0] - GPU/11000 (2)
oneflow-27:1111460:1111562 [0] NCCL INFO               + PCI[24.0] - GPU/12000 (3)
oneflow-27:1111460:1111562 [0] NCCL INFO + SYS[10.0] - CPU/1
oneflow-27:1111460:1111562 [0] NCCL INFO CPU/1 (1/1/2)
oneflow-27:1111460:1111562 [0] NCCL INFO + PCI[24.0] - PCI/98000 (11f8400011f8beef)
oneflow-27:1111460:1111562 [0] NCCL INFO               + PCI[24.0] - GPU/9B000 (4)
oneflow-27:1111460:1111562 [0] NCCL INFO               + PCI[24.0] - GPU/9C000 (5)
oneflow-27:1111460:1111562 [0] NCCL INFO               + PCI[24.0] - GPU/9D000 (6)
oneflow-27:1111460:1111562 [0] NCCL INFO               + PCI[24.0] - GPU/9E000 (7)
oneflow-27:1111460:1111562 [0] NCCL INFO               + PCI[24.0] - NIC/9A000
oneflow-27:1111460:1111562 [0] NCCL INFO                             + NET[7.0] - NET/0 (30c7170003fd7010/1/7.000000)
oneflow-27:1111460:1111562 [0] NCCL INFO + SYS[10.0] - CPU/0
oneflow-27:1111460:1111562 [0] NCCL INFO ==========================================
oneflow-27:1111460:1111562 [0] NCCL INFO GPU/F000 :GPU/F000 (0/5000.000000/LOC) GPU/10000 (4/24.000000/PHB) GPU/11000 (4/24.000000/PHB) GPU/12000 (4/24.000000/PHB) GPU/9B000 (5/10.000000/SYS) GPU/9C000 (5/10.000000/SYS) GPU/9D000 (5/10.000000/SYS) GPU/9E000 (5/10.000000/SYS) CPU/0 (2/24.000000/PHB) CPU/1 (3/10.000000/SYS) NET/0 (6/7.000000/SYS) 
oneflow-27:1111460:1111562 [0] NCCL INFO GPU/10000 :GPU/F000 (4/24.000000/PHB) GPU/10000 (0/5000.000000/LOC) GPU/11000 (4/24.000000/PHB) GPU/12000 (4/24.000000/PHB) GPU/9B000 (5/10.000000/SYS) GPU/9C000 (5/10.000000/SYS) GPU/9D000 (5/10.000000/SYS) GPU/9E000 (5/10.000000/SYS) CPU/0 (2/24.000000/PHB) CPU/1 (3/10.000000/SYS) NET/0 (6/7.000000/SYS) 
oneflow-27:1111460:1111562 [0] NCCL INFO GPU/11000 :GPU/F000 (4/24.000000/PHB) GPU/10000 (4/24.000000/PHB) GPU/11000 (0/5000.000000/LOC) GPU/12000 (4/24.000000/PHB) GPU/9B000 (5/10.000000/SYS) GPU/9C000 (5/10.000000/SYS) GPU/9D000 (5/10.000000/SYS) GPU/9E000 (5/10.000000/SYS) CPU/0 (2/24.000000/PHB) CPU/1 (3/10.000000/SYS) NET/0 (6/7.000000/SYS) 
oneflow-27:1111460:1111562 [0] NCCL INFO GPU/12000 :GPU/F000 (4/24.000000/PHB) GPU/10000 (4/24.000000/PHB) GPU/11000 (4/24.000000/PHB) GPU/12000 (0/5000.000000/LOC) GPU/9B000 (5/10.000000/SYS) GPU/9C000 (5/10.000000/SYS) GPU/9D000 (5/10.000000/SYS) GPU/9E000 (5/10.000000/SYS) CPU/0 (2/24.000000/PHB) CPU/1 (3/10.000000/SYS) NET/0 (6/7.000000/SYS) 
oneflow-27:1111460:1111562 [0] NCCL INFO GPU/9B000 :GPU/F000 (5/10.000000/SYS) GPU/10000 (5/10.000000/SYS) GPU/11000 (5/10.000000/SYS) GPU/12000 (5/10.000000/SYS) GPU/9B000 (0/5000.000000/LOC) GPU/9C000 (4/24.000000/PHB) GPU/9D000 (4/24.000000/PHB) GPU/9E000 (4/24.000000/PHB) CPU/0 (3/10.000000/SYS) CPU/1 (2/24.000000/PHB) NET/0 (5/7.000000/PHB) 
oneflow-27:1111460:1111562 [0] NCCL INFO GPU/9C000 :GPU/F000 (5/10.000000/SYS) GPU/10000 (5/10.000000/SYS) GPU/11000 (5/10.000000/SYS) GPU/12000 (5/10.000000/SYS) GPU/9B000 (4/24.000000/PHB) GPU/9C000 (0/5000.000000/LOC) GPU/9D000 (4/24.000000/PHB) GPU/9E000 (4/24.000000/PHB) CPU/0 (3/10.000000/SYS) CPU/1 (2/24.000000/PHB) NET/0 (5/7.000000/PHB) 
oneflow-27:1111460:1111562 [0] NCCL INFO GPU/9D000 :GPU/F000 (5/10.000000/SYS) GPU/10000 (5/10.000000/SYS) GPU/11000 (5/10.000000/SYS) GPU/12000 (5/10.000000/SYS) GPU/9B000 (4/24.000000/PHB) GPU/9C000 (4/24.000000/PHB) GPU/9D000 (0/5000.000000/LOC) GPU/9E000 (4/24.000000/PHB) CPU/0 (3/10.000000/SYS) CPU/1 (2/24.000000/PHB) NET/0 (5/7.000000/PHB) 
oneflow-27:1111460:1111562 [0] NCCL INFO GPU/9E000 :GPU/F000 (5/10.000000/SYS) GPU/10000 (5/10.000000/SYS) GPU/11000 (5/10.000000/SYS) GPU/12000 (5/10.000000/SYS) GPU/9B000 (4/24.000000/PHB) GPU/9C000 (4/24.000000/PHB) GPU/9D000 (4/24.000000/PHB) GPU/9E000 (0/5000.000000/LOC) CPU/0 (3/10.000000/SYS) CPU/1 (2/24.000000/PHB) NET/0 (5/7.000000/PHB) 
oneflow-27:1111460:1111562 [0] NCCL INFO NET/0 :GPU/F000 (6/7.000000/SYS) GPU/10000 (6/7.000000/SYS) GPU/11000 (6/7.000000/SYS) GPU/12000 (6/7.000000/SYS) GPU/9B000 (5/7.000000/PHB) GPU/9C000 (5/7.000000/PHB) GPU/9D000 (5/7.000000/PHB) GPU/9E000 (5/7.000000/PHB) CPU/0 (4/7.000000/SYS) CPU/1 (3/7.000000/PHB) NET/0 (0/5000.000000/LOC) 
oneflow-27:1111460:1111564 [2] NCCL INFO Pattern 4, crossNic 0, nChannels 1, bw 4.000000/4.000000, type SYS/SYS, sameChannels 1
oneflow-27:1111460:1111564 [2] NCCL INFO  0 : NET/0 GPU/0 GPU/1 GPU/2 GPU/3 GPU/4 GPU/5 GPU/6 GPU/7 NET/0
oneflow-27:1111460:1111564 [2] NCCL INFO Pattern 1, crossNic 0, nChannels 1, bw 4.000000/4.000000, type SYS/SYS, sameChannels 1
oneflow-27:1111460:1111564 [2] NCCL INFO  0 : NET/0 GPU/0 GPU/1 GPU/2 GPU/3 GPU/4 GPU/5 GPU/6 GPU/7 NET/0
oneflow-27:1111460:1111563 [1] NCCL INFO === System : maxBw 7.0 totalBw 24.0 ===
oneflow-27:1111460:1111563 [1] NCCL INFO CPU/0 (1/1/2)
oneflow-27:1111460:1111563 [1] NCCL INFO + PCI[24.0] - PCI/C000 (11f8400011f8beef)
oneflow-27:1111460:1111563 [1] NCCL INFO               + PCI[24.0] - GPU/F000 (0)
oneflow-27:1111460:1111563 [1] NCCL INFO               + PCI[24.0] - GPU/10000 (1)
oneflow-27:1111460:1111563 [1] NCCL INFO               + PCI[24.0] - GPU/11000 (2)
oneflow-27:1111460:1111563 [1] NCCL INFO               + PCI[24.0] - GPU/12000 (3)
oneflow-27:1111460:1111563 [1] NCCL INFO + SYS[10.0] - CPU/1
oneflow-27:1111460:1111563 [1] NCCL INFO CPU/1 (1/1/2)
oneflow-27:1111460:1111563 [1] NCCL INFO + PCI[24.0] - PCI/98000 (11f8400011f8beef)
oneflow-27:1111460:1111563 [1] NCCL INFO               + PCI[24.0] - GPU/9B000 (4)
oneflow-27:1111460:1111563 [1] NCCL INFO               + PCI[24.0] - GPU/9C000 (5)
oneflow-27:1111460:1111563 [1] NCCL INFO               + PCI[24.0] - GPU/9D000 (6)
oneflow-27:1111460:1111563 [1] NCCL INFO               + PCI[24.0] - GPU/9E000 (7)
oneflow-27:1111460:1111563 [1] NCCL INFO               + PCI[24.0] - NIC/9A000
oneflow-27:1111460:1111563 [1] NCCL INFO                             + NET[7.0] - NET/0 (30c7170003fd7010/1/7.000000)
oneflow-27:1111460:1111563 [1] NCCL INFO + SYS[10.0] - CPU/0
oneflow-27:1111460:1111563 [1] NCCL INFO ==========================================
oneflow-27:1111460:1111563 [1] NCCL INFO GPU/F000 :GPU/F000 (0/5000.000000/LOC) GPU/10000 (4/24.000000/PHB) GPU/11000 (4/24.000000/PHB) GPU/12000 (4/24.000000/PHB) GPU/9B000 (5/10.000000/SYS) GPU/9C000 (5/10.000000/SYS) GPU/9D000 (5/10.000000/SYS) GPU/9E000 (5/10.000000/SYS) CPU/0 (2/24.000000/PHB) CPU/1 (3/10.000000/SYS) NET/0 (6/7.000000/SYS) 
oneflow-27:1111460:1111563 [1] NCCL INFO GPU/10000 :GPU/F000 (4/24.000000/PHB) GPU/10000 (0/5000.000000/LOC) GPU/11000 (4/24.000000/PHB) GPU/12000 (4/24.000000/PHB) GPU/9B000 (5/10.000000/SYS) GPU/9C000 (5/10.000000/SYS) GPU/9D000 (5/10.000000/SYS) GPU/9E000 (5/10.000000/SYS) CPU/0 (2/24.000000/PHB) CPU/1 (3/10.000000/SYS) NET/0 (6/7.000000/SYS) 
oneflow-27:1111460:1111563 [1] NCCL INFO GPU/11000 :GPU/F000 (4/24.000000/PHB) GPU/10000 (4/24.000000/PHB) GPU/11000 (0/5000.000000/LOC) GPU/12000 (4/24.000000/PHB) GPU/9B000 (5/10.000000/SYS) GPU/9C000 (5/10.000000/SYS) GPU/9D000 (5/10.000000/SYS) GPU/9E000 (5/10.000000/SYS) CPU/0 (2/24.000000/PHB) CPU/1 (3/10.000000/SYS) NET/0 (6/7.000000/SYS) 
oneflow-27:1111460:1111563 [1] NCCL INFO GPU/12000 :GPU/F000 (4/24.000000/PHB) GPU/10000 (4/24.000000/PHB) GPU/11000 (4/24.000000/PHB) GPU/12000 (0/5000.000000/LOC) GPU/9B000 (5/10.000000/SYS) GPU/9C000 (5/10.000000/SYS) GPU/9D000 (5/10.000000/SYS) GPU/9E000 (5/10.000000/SYS) CPU/0 (2/24.000000/PHB) CPU/1 (3/10.000000/SYS) NET/0 (6/7.000000/SYS) 
oneflow-27:1111460:1111563 [1] NCCL INFO GPU/9B000 :GPU/F000 (5/10.000000/SYS) GPU/10000 (5/10.000000/SYS) GPU/11000 (5/10.000000/SYS) GPU/12000 (5/10.000000/SYS) GPU/9B000 (0/5000.000000/LOC) GPU/9C000 (4/24.000000/PHB) GPU/9D000 (4/24.000000/PHB) GPU/9E000 (4/24.000000/PHB) CPU/0 (3/10.000000/SYS) CPU/1 (2/24.000000/PHB) NET/0 (5/7.000000/PHB) 
oneflow-27:1111460:1111563 [1] NCCL INFO GPU/9C000 :GPU/F000 (5/10.000000/SYS) GPU/10000 (5/10.000000/SYS) GPU/11000 (5/10.000000/SYS) GPU/12000 (5/10.000000/SYS) GPU/9B000 (4/24.000000/PHB) GPU/9C000 (0/5000.000000/LOC) GPU/9D000 (4/24.000000/PHB) GPU/9E000 (4/24.000000/PHB) CPU/0 (3/10.000000/SYS) CPU/1 (2/24.000000/PHB) NET/0 (5/7.000000/PHB) 
oneflow-27:1111460:1111563 [1] NCCL INFO GPU/9D000 :GPU/F000 (5/10.000000/SYS) GPU/10000 (5/10.000000/SYS) GPU/11000 (5/10.000000/SYS) GPU/12000 (5/10.000000/SYS) GPU/9B000 (4/24.000000/PHB) GPU/9C000 (4/24.000000/PHB) GPU/9D000 (0/5000.000000/LOC) GPU/9E000 (4/24.000000/PHB) CPU/0 (3/10.000000/SYS) CPU/1 (2/24.000000/PHB) NET/0 (5/7.000000/PHB) 
oneflow-27:1111460:1111563 [1] NCCL INFO GPU/9E000 :GPU/F000 (5/10.000000/SYS) GPU/10000 (5/10.000000/SYS) GPU/11000 (5/10.000000/SYS) GPU/12000 (5/10.000000/SYS) GPU/9B000 (4/24.000000/PHB) GPU/9C000 (4/24.000000/PHB) GPU/9D000 (4/24.000000/PHB) GPU/9E000 (0/5000.000000/LOC) CPU/0 (3/10.000000/SYS) CPU/1 (2/24.000000/PHB) NET/0 (5/7.000000/PHB) 
oneflow-27:1111460:1111563 [1] NCCL INFO NET/0 :GPU/F000 (6/7.000000/SYS) GPU/10000 (6/7.000000/SYS) GPU/11000 (6/7.000000/SYS) GPU/12000 (6/7.000000/SYS) GPU/9B000 (5/7.000000/PHB) GPU/9C000 (5/7.000000/PHB) GPU/9D000 (5/7.000000/PHB) GPU/9E000 (5/7.000000/PHB) CPU/0 (4/7.000000/SYS) CPU/1 (3/7.000000/PHB) NET/0 (0/5000.000000/LOC) 
oneflow-27:1111460:1111562 [0] NCCL INFO Pattern 4, crossNic 0, nChannels 1, bw 4.000000/4.000000, type SYS/SYS, sameChannels 1
oneflow-27:1111460:1111562 [0] NCCL INFO  0 : NET/0 GPU/0 GPU/1 GPU/2 GPU/3 GPU/4 GPU/5 GPU/6 GPU/7 NET/0
oneflow-27:1111460:1111562 [0] NCCL INFO Pattern 1, crossNic 0, nChannels 1, bw 4.000000/4.000000, type SYS/SYS, sameChannels 1
oneflow-27:1111460:1111562 [0] NCCL INFO  0 : NET/0 GPU/0 GPU/1 GPU/2 GPU/3 GPU/4 GPU/5 GPU/6 GPU/7 NET/0
oneflow-27:1111460:1111565 [3] NCCL INFO === System : maxBw 7.0 totalBw 24.0 ===
oneflow-27:1111460:1111565 [3] NCCL INFO CPU/0 (1/1/2)
oneflow-27:1111460:1111565 [3] NCCL INFO + PCI[24.0] - PCI/C000 (11f8400011f8beef)
oneflow-27:1111460:1111565 [3] NCCL INFO               + PCI[24.0] - GPU/F000 (0)
oneflow-27:1111460:1111565 [3] NCCL INFO               + PCI[24.0] - GPU/10000 (1)
oneflow-27:1111460:1111565 [3] NCCL INFO               + PCI[24.0] - GPU/11000 (2)
oneflow-27:1111460:1111565 [3] NCCL INFO               + PCI[24.0] - GPU/12000 (3)
oneflow-27:1111460:1111565 [3] NCCL INFO + SYS[10.0] - CPU/1
oneflow-27:1111460:1111565 [3] NCCL INFO CPU/1 (1/1/2)
oneflow-27:1111460:1111565 [3] NCCL INFO + PCI[24.0] - PCI/98000 (11f8400011f8beef)
oneflow-27:1111460:1111565 [3] NCCL INFO               + PCI[24.0] - GPU/9B000 (4)
oneflow-27:1111460:1111565 [3] NCCL INFO               + PCI[24.0] - GPU/9C000 (5)
oneflow-27:1111460:1111565 [3] NCCL INFO               + PCI[24.0] - GPU/9D000 (6)
oneflow-27:1111460:1111565 [3] NCCL INFO               + PCI[24.0] - GPU/9E000 (7)
oneflow-27:1111460:1111565 [3] NCCL INFO               + PCI[24.0] - NIC/9A000
oneflow-27:1111460:1111565 [3] NCCL INFO                             + NET[7.0] - NET/0 (30c7170003fd7010/1/7.000000)
oneflow-27:1111460:1111565 [3] NCCL INFO + SYS[10.0] - CPU/0
oneflow-27:1111460:1111565 [3] NCCL INFO ==========================================
oneflow-27:1111460:1111565 [3] NCCL INFO GPU/F000 :GPU/F000 (0/5000.000000/LOC) GPU/10000 (4/24.000000/PHB) GPU/11000 (4/24.000000/PHB) GPU/12000 (4/24.000000/PHB) GPU/9B000 (5/10.000000/SYS) GPU/9C000 (5/10.000000/SYS) GPU/9D000 (5/10.000000/SYS) GPU/9E000 (5/10.000000/SYS) CPU/0 (2/24.000000/PHB) CPU/1 (3/10.000000/SYS) NET/0 (6/7.000000/SYS) 
oneflow-27:1111460:1111565 [3] NCCL INFO GPU/10000 :GPU/F000 (4/24.000000/PHB) GPU/10000 (0/5000.000000/LOC) GPU/11000 (4/24.000000/PHB) GPU/12000 (4/24.000000/PHB) GPU/9B000 (5/10.000000/SYS) GPU/9C000 (5/10.000000/SYS) GPU/9D000 (5/10.000000/SYS) GPU/9E000 (5/10.000000/SYS) CPU/0 (2/24.000000/PHB) CPU/1 (3/10.000000/SYS) NET/0 (6/7.000000/SYS) 
oneflow-27:1111460:1111565 [3] NCCL INFO GPU/11000 :GPU/F000 (4/24.000000/PHB) GPU/10000 (4/24.000000/PHB) GPU/11000 (0/5000.000000/LOC) GPU/12000 (4/24.000000/PHB) GPU/9B000 (5/10.000000/SYS) GPU/9C000 (5/10.000000/SYS) GPU/9D000 (5/10.000000/SYS) GPU/9E000 (5/10.000000/SYS) CPU/0 (2/24.000000/PHB) CPU/1 (3/10.000000/SYS) NET/0 (6/7.000000/SYS) 
oneflow-27:1111460:1111565 [3] NCCL INFO GPU/12000 :GPU/F000 (4/24.000000/PHB) GPU/10000 (4/24.000000/PHB) GPU/11000 (4/24.000000/PHB) GPU/12000 (0/5000.000000/LOC) GPU/9B000 (5/10.000000/SYS) GPU/9C000 (5/10.000000/SYS) GPU/9D000 (5/10.000000/SYS) GPU/9E000 (5/10.000000/SYS) CPU/0 (2/24.000000/PHB) CPU/1 (3/10.000000/SYS) NET/0 (6/7.000000/SYS) 
oneflow-27:1111460:1111565 [3] NCCL INFO GPU/9B000 :GPU/F000 (5/10.000000/SYS) GPU/10000 (5/10.000000/SYS) GPU/11000 (5/10.000000/SYS) GPU/12000 (5/10.000000/SYS) GPU/9B000 (0/5000.000000/LOC) GPU/9C000 (4/24.000000/PHB) GPU/9D000 (4/24.000000/PHB) GPU/9E000 (4/24.000000/PHB) CPU/0 (3/10.000000/SYS) CPU/1 (2/24.000000/PHB) NET/0 (5/7.000000/PHB) 
oneflow-27:1111460:1111565 [3] NCCL INFO GPU/9C000 :GPU/F000 (5/10.000000/SYS) GPU/10000 (5/10.000000/SYS) GPU/11000 (5/10.000000/SYS) GPU/12000 (5/10.000000/SYS) GPU/9B000 (4/24.000000/PHB) GPU/9C000 (0/5000.000000/LOC) GPU/9D000 (4/24.000000/PHB) GPU/9E000 (4/24.000000/PHB) CPU/0 (3/10.000000/SYS) CPU/1 (2/24.000000/PHB) NET/0 (5/7.000000/PHB) 
oneflow-27:1111460:1111565 [3] NCCL INFO GPU/9D000 :GPU/F000 (5/10.000000/SYS) GPU/10000 (5/10.000000/SYS) GPU/11000 (5/10.000000/SYS) GPU/12000 (5/10.000000/SYS) GPU/9B000 (4/24.000000/PHB) GPU/9C000 (4/24.000000/PHB) GPU/9D000 (0/5000.000000/LOC) GPU/9E000 (4/24.000000/PHB) CPU/0 (3/10.000000/SYS) CPU/1 (2/24.000000/PHB) NET/0 (5/7.000000/PHB) 
oneflow-27:1111460:1111565 [3] NCCL INFO GPU/9E000 :GPU/F000 (5/10.000000/SYS) GPU/10000 (5/10.000000/SYS) GPU/11000 (5/10.000000/SYS) GPU/12000 (5/10.000000/SYS) GPU/9B000 (4/24.000000/PHB) GPU/9C000 (4/24.000000/PHB) GPU/9D000 (4/24.000000/PHB) GPU/9E000 (0/5000.000000/LOC) CPU/0 (3/10.000000/SYS) CPU/1 (2/24.000000/PHB) NET/0 (5/7.000000/PHB) 
oneflow-27:1111460:1111565 [3] NCCL INFO NET/0 :GPU/F000 (6/7.000000/SYS) GPU/10000 (6/7.000000/SYS) GPU/11000 (6/7.000000/SYS) GPU/12000 (6/7.000000/SYS) GPU/9B000 (5/7.000000/PHB) GPU/9C000 (5/7.000000/PHB) GPU/9D000 (5/7.000000/PHB) GPU/9E000 (5/7.000000/PHB) CPU/0 (4/7.000000/SYS) CPU/1 (3/7.000000/PHB) NET/0 (0/5000.000000/LOC) 
oneflow-27:1111460:1111569 [7] NCCL INFO === System : maxBw 7.0 totalBw 24.0 ===
oneflow-27:1111460:1111569 [7] NCCL INFO CPU/0 (1/1/2)
oneflow-27:1111460:1111569 [7] NCCL INFO + PCI[24.0] - PCI/C000 (11f8400011f8beef)
oneflow-27:1111460:1111569 [7] NCCL INFO               + PCI[24.0] - GPU/F000 (0)
oneflow-27:1111460:1111569 [7] NCCL INFO               + PCI[24.0] - GPU/10000 (1)
oneflow-27:1111460:1111569 [7] NCCL INFO               + PCI[24.0] - GPU/11000 (2)
oneflow-27:1111460:1111569 [7] NCCL INFO               + PCI[24.0] - GPU/12000 (3)
oneflow-27:1111460:1111569 [7] NCCL INFO + SYS[10.0] - CPU/1
oneflow-27:1111460:1111569 [7] NCCL INFO CPU/1 (1/1/2)
oneflow-27:1111460:1111569 [7] NCCL INFO + PCI[24.0] - PCI/98000 (11f8400011f8beef)
oneflow-27:1111460:1111569 [7] NCCL INFO               + PCI[24.0] - GPU/9B000 (4)
oneflow-27:1111460:1111569 [7] NCCL INFO               + PCI[24.0] - GPU/9C000 (5)
oneflow-27:1111460:1111569 [7] NCCL INFO               + PCI[24.0] - GPU/9D000 (6)
oneflow-27:1111460:1111569 [7] NCCL INFO               + PCI[24.0] - GPU/9E000 (7)
oneflow-27:1111460:1111569 [7] NCCL INFO               + PCI[24.0] - NIC/9A000
oneflow-27:1111460:1111569 [7] NCCL INFO                             + NET[7.0] - NET/0 (30c7170003fd7010/1/7.000000)
oneflow-27:1111460:1111569 [7] NCCL INFO + SYS[10.0] - CPU/0
oneflow-27:1111460:1111569 [7] NCCL INFO ==========================================
oneflow-27:1111460:1111569 [7] NCCL INFO GPU/F000 :GPU/F000 (0/5000.000000/LOC) GPU/10000 (4/24.000000/PHB) GPU/11000 (4/24.000000/PHB) GPU/12000 (4/24.000000/PHB) GPU/9B000 (5/10.000000/SYS) GPU/9C000 (5/10.000000/SYS) GPU/9D000 (5/10.000000/SYS) GPU/9E000 (5/10.000000/SYS) CPU/0 (2/24.000000/PHB) CPU/1 (3/10.000000/SYS) NET/0 (6/7.000000/SYS) 
oneflow-27:1111460:1111569 [7] NCCL INFO GPU/10000 :GPU/F000 (4/24.000000/PHB) GPU/10000 (0/5000.000000/LOC) GPU/11000 (4/24.000000/PHB) GPU/12000 (4/24.000000/PHB) GPU/9B000 (5/10.000000/SYS) GPU/9C000 (5/10.000000/SYS) GPU/9D000 (5/10.000000/SYS) GPU/9E000 (5/10.000000/SYS) CPU/0 (2/24.000000/PHB) CPU/1 (3/10.000000/SYS) NET/0 (6/7.000000/SYS) 
oneflow-27:1111460:1111569 [7] NCCL INFO GPU/11000 :GPU/F000 (4/24.000000/PHB) GPU/10000 (4/24.000000/PHB) GPU/11000 (0/5000.000000/LOC) GPU/12000 (4/24.000000/PHB) GPU/9B000 (5/10.000000/SYS) GPU/9C000 (5/10.000000/SYS) GPU/9D000 (5/10.000000/SYS) GPU/9E000 (5/10.000000/SYS) CPU/0 (2/24.000000/PHB) CPU/1 (3/10.000000/SYS) NET/0 (6/7.000000/SYS) 
oneflow-27:1111460:1111569 [7] NCCL INFO GPU/12000 :GPU/F000 (4/24.000000/PHB) GPU/10000 (4/24.000000/PHB) GPU/11000 (4/24.000000/PHB) GPU/12000 (0/5000.000000/LOC) GPU/9B000 (5/10.000000/SYS) GPU/9C000 (5/10.000000/SYS) GPU/9D000 (5/10.000000/SYS) GPU/9E000 (5/10.000000/SYS) CPU/0 (2/24.000000/PHB) CPU/1 (3/10.000000/SYS) NET/0 (6/7.000000/SYS) 
oneflow-27:1111460:1111569 [7] NCCL INFO GPU/9B000 :GPU/F000 (5/10.000000/SYS) GPU/10000 (5/10.000000/SYS) GPU/11000 (5/10.000000/SYS) GPU/12000 (5/10.000000/SYS) GPU/9B000 (0/5000.000000/LOC) GPU/9C000 (4/24.000000/PHB) GPU/9D000 (4/24.000000/PHB) GPU/9E000 (4/24.000000/PHB) CPU/0 (3/10.000000/SYS) CPU/1 (2/24.000000/PHB) NET/0 (5/7.000000/PHB) 
oneflow-27:1111460:1111569 [7] NCCL INFO GPU/9C000 :GPU/F000 (5/10.000000/SYS) GPU/10000 (5/10.000000/SYS) GPU/11000 (5/10.000000/SYS) GPU/12000 (5/10.000000/SYS) GPU/9B000 (4/24.000000/PHB) GPU/9C000 (0/5000.000000/LOC) GPU/9D000 (4/24.000000/PHB) GPU/9E000 (4/24.000000/PHB) CPU/0 (3/10.000000/SYS) CPU/1 (2/24.000000/PHB) NET/0 (5/7.000000/PHB) 
oneflow-27:1111460:1111569 [7] NCCL INFO GPU/9D000 :GPU/F000 (5/10.000000/SYS) GPU/10000 (5/10.000000/SYS) GPU/11000 (5/10.000000/SYS) GPU/12000 (5/10.000000/SYS) GPU/9B000 (4/24.000000/PHB) GPU/9C000 (4/24.000000/PHB) GPU/9D000 (0/5000.000000/LOC) GPU/9E000 (4/24.000000/PHB) CPU/0 (3/10.000000/SYS) CPU/1 (2/24.000000/PHB) NET/0 (5/7.000000/PHB) 
oneflow-27:1111460:1111569 [7] NCCL INFO GPU/9E000 :GPU/F000 (5/10.000000/SYS) GPU/10000 (5/10.000000/SYS) GPU/11000 (5/10.000000/SYS) GPU/12000 (5/10.000000/SYS) GPU/9B000 (4/24.000000/PHB) GPU/9C000 (4/24.000000/PHB) GPU/9D000 (4/24.000000/PHB) GPU/9E000 (0/5000.000000/LOC) CPU/0 (3/10.000000/SYS) CPU/1 (2/24.000000/PHB) NET/0 (5/7.000000/PHB) 
oneflow-27:1111460:1111569 [7] NCCL INFO NET/0 :GPU/F000 (6/7.000000/SYS) GPU/10000 (6/7.000000/SYS) GPU/11000 (6/7.000000/SYS) GPU/12000 (6/7.000000/SYS) GPU/9B000 (5/7.000000/PHB) GPU/9C000 (5/7.000000/PHB) GPU/9D000 (5/7.000000/PHB) GPU/9E000 (5/7.000000/PHB) CPU/0 (4/7.000000/SYS) CPU/1 (3/7.000000/PHB) NET/0 (0/5000.000000/LOC) 
oneflow-27:1111460:1111563 [1] NCCL INFO Pattern 4, crossNic 0, nChannels 1, bw 4.000000/4.000000, type SYS/SYS, sameChannels 1
oneflow-27:1111460:1111563 [1] NCCL INFO  0 : NET/0 GPU/0 GPU/1 GPU/2 GPU/3 GPU/4 GPU/5 GPU/6 GPU/7 NET/0
oneflow-27:1111460:1111563 [1] NCCL INFO Pattern 1, crossNic 0, nChannels 1, bw 4.000000/4.000000, type SYS/SYS, sameChannels 1
oneflow-27:1111460:1111563 [1] NCCL INFO  0 : NET/0 GPU/0 GPU/1 GPU/2 GPU/3 GPU/4 GPU/5 GPU/6 GPU/7 NET/0
oneflow-27:1111460:1111568 [6] NCCL INFO === System : maxBw 7.0 totalBw 24.0 ===
oneflow-27:1111460:1111568 [6] NCCL INFO CPU/0 (1/1/2)
oneflow-27:1111460:1111568 [6] NCCL INFO + PCI[24.0] - PCI/C000 (11f8400011f8beef)
oneflow-27:1111460:1111568 [6] NCCL INFO               + PCI[24.0] - GPU/F000 (0)
oneflow-27:1111460:1111568 [6] NCCL INFO               + PCI[24.0] - GPU/10000 (1)
oneflow-27:1111460:1111568 [6] NCCL INFO               + PCI[24.0] - GPU/11000 (2)
oneflow-27:1111460:1111568 [6] NCCL INFO               + PCI[24.0] - GPU/12000 (3)
oneflow-27:1111460:1111568 [6] NCCL INFO + SYS[10.0] - CPU/1
oneflow-27:1111460:1111568 [6] NCCL INFO CPU/1 (1/1/2)
oneflow-27:1111460:1111568 [6] NCCL INFO + PCI[24.0] - PCI/98000 (11f8400011f8beef)
oneflow-27:1111460:1111568 [6] NCCL INFO               + PCI[24.0] - GPU/9B000 (4)
oneflow-27:1111460:1111568 [6] NCCL INFO               + PCI[24.0] - GPU/9C000 (5)
oneflow-27:1111460:1111568 [6] NCCL INFO               + PCI[24.0] - GPU/9D000 (6)
oneflow-27:1111460:1111568 [6] NCCL INFO               + PCI[24.0] - GPU/9E000 (7)
oneflow-27:1111460:1111568 [6] NCCL INFO               + PCI[24.0] - NIC/9A000
oneflow-27:1111460:1111568 [6] NCCL INFO                             + NET[7.0] - NET/0 (30c7170003fd7010/1/7.000000)
oneflow-27:1111460:1111568 [6] NCCL INFO + SYS[10.0] - CPU/0
oneflow-27:1111460:1111568 [6] NCCL INFO ==========================================
oneflow-27:1111460:1111568 [6] NCCL INFO GPU/F000 :GPU/F000 (0/5000.000000/LOC) GPU/10000 (4/24.000000/PHB) GPU/11000 (4/24.000000/PHB) GPU/12000 (4/24.000000/PHB) GPU/9B000 (5/10.000000/SYS) GPU/9C000 (5/10.000000/SYS) GPU/9D000 (5/10.000000/SYS) GPU/9E000 (5/10.000000/SYS) CPU/0 (2/24.000000/PHB) CPU/1 (3/10.000000/SYS) NET/0 (6/7.000000/SYS) 
oneflow-27:1111460:1111568 [6] NCCL INFO GPU/10000 :GPU/F000 (4/24.000000/PHB) GPU/10000 (0/5000.000000/LOC) GPU/11000 (4/24.000000/PHB) GPU/12000 (4/24.000000/PHB) GPU/9B000 (5/10.000000/SYS) GPU/9C000 (5/10.000000/SYS) GPU/9D000 (5/10.000000/SYS) GPU/9E000 (5/10.000000/SYS) CPU/0 (2/24.000000/PHB) CPU/1 (3/10.000000/SYS) NET/0 (6/7.000000/SYS) 
oneflow-27:1111460:1111568 [6] NCCL INFO GPU/11000 :GPU/F000 (4/24.000000/PHB) GPU/10000 (4/24.000000/PHB) GPU/11000 (0/5000.000000/LOC) GPU/12000 (4/24.000000/PHB) GPU/9B000 (5/10.000000/SYS) GPU/9C000 (5/10.000000/SYS) GPU/9D000 (5/10.000000/SYS) GPU/9E000 (5/10.000000/SYS) CPU/0 (2/24.000000/PHB) CPU/1 (3/10.000000/SYS) NET/0 (6/7.000000/SYS) 
oneflow-27:1111460:1111568 [6] NCCL INFO GPU/12000 :GPU/F000 (4/24.000000/PHB) GPU/10000 (4/24.000000/PHB) GPU/11000 (4/24.000000/PHB) GPU/12000 (0/5000.000000/LOC) GPU/9B000 (5/10.000000/SYS) GPU/9C000 (5/10.000000/SYS) GPU/9D000 (5/10.000000/SYS) GPU/9E000 (5/10.000000/SYS) CPU/0 (2/24.000000/PHB) CPU/1 (3/10.000000/SYS) NET/0 (6/7.000000/SYS) 
oneflow-27:1111460:1111568 [6] NCCL INFO GPU/9B000 :GPU/F000 (5/10.000000/SYS) GPU/10000 (5/10.000000/SYS) GPU/11000 (5/10.000000/SYS) GPU/12000 (5/10.000000/SYS) GPU/9B000 (0/5000.000000/LOC) GPU/9C000 (4/24.000000/PHB) GPU/9D000 (4/24.000000/PHB) GPU/9E000 (4/24.000000/PHB) CPU/0 (3/10.000000/SYS) CPU/1 (2/24.000000/PHB) NET/0 (5/7.000000/PHB) 
oneflow-27:1111460:1111568 [6] NCCL INFO GPU/9C000 :GPU/F000 (5/10.000000/SYS) GPU/10000 (5/10.000000/SYS) GPU/11000 (5/10.000000/SYS) GPU/12000 (5/10.000000/SYS) GPU/9B000 (4/24.000000/PHB) GPU/9C000 (0/5000.000000/LOC) GPU/9D000 (4/24.000000/PHB) GPU/9E000 (4/24.000000/PHB) CPU/0 (3/10.000000/SYS) CPU/1 (2/24.000000/PHB) NET/0 (5/7.000000/PHB) 
oneflow-27:1111460:1111568 [6] NCCL INFO GPU/9D000 :GPU/F000 (5/10.000000/SYS) GPU/10000 (5/10.000000/SYS) GPU/11000 (5/10.000000/SYS) GPU/12000 (5/10.000000/SYS) GPU/9B000 (4/24.000000/PHB) GPU/9C000 (4/24.000000/PHB) GPU/9D000 (0/5000.000000/LOC) GPU/9E000 (4/24.000000/PHB) CPU/0 (3/10.000000/SYS) CPU/1 (2/24.000000/PHB) NET/0 (5/7.000000/PHB) 
oneflow-27:1111460:1111568 [6] NCCL INFO GPU/9E000 :GPU/F000 (5/10.000000/SYS) GPU/10000 (5/10.000000/SYS) GPU/11000 (5/10.000000/SYS) GPU/12000 (5/10.000000/SYS) GPU/9B000 (4/24.000000/PHB) GPU/9C000 (4/24.000000/PHB) GPU/9D000 (4/24.000000/PHB) GPU/9E000 (0/5000.000000/LOC) CPU/0 (3/10.000000/SYS) CPU/1 (2/24.000000/PHB) NET/0 (5/7.000000/PHB) 
oneflow-27:1111460:1111568 [6] NCCL INFO NET/0 :GPU/F000 (6/7.000000/SYS) GPU/10000 (6/7.000000/SYS) GPU/11000 (6/7.000000/SYS) GPU/12000 (6/7.000000/SYS) GPU/9B000 (5/7.000000/PHB) GPU/9C000 (5/7.000000/PHB) GPU/9D000 (5/7.000000/PHB) GPU/9E000 (5/7.000000/PHB) CPU/0 (4/7.000000/SYS) CPU/1 (3/7.000000/PHB) NET/0 (0/5000.000000/LOC) 
oneflow-27:1111460:1111565 [3] NCCL INFO Pattern 4, crossNic 0, nChannels 1, bw 4.000000/4.000000, type SYS/SYS, sameChannels 1
oneflow-27:1111460:1111565 [3] NCCL INFO  0 : NET/0 GPU/0 GPU/1 GPU/2 GPU/3 GPU/4 GPU/5 GPU/6 GPU/7 NET/0
oneflow-27:1111460:1111565 [3] NCCL INFO Pattern 1, crossNic 0, nChannels 1, bw 4.000000/4.000000, type SYS/SYS, sameChannels 1
oneflow-27:1111460:1111565 [3] NCCL INFO  0 : NET/0 GPU/0 GPU/1 GPU/2 GPU/3 GPU/4 GPU/5 GPU/6 GPU/7 NET/0
oneflow-27:1111460:1111569 [7] NCCL INFO Pattern 4, crossNic 0, nChannels 1, bw 4.000000/4.000000, type SYS/SYS, sameChannels 1
oneflow-27:1111460:1111569 [7] NCCL INFO  0 : NET/0 GPU/0 GPU/1 GPU/2 GPU/3 GPU/4 GPU/5 GPU/6 GPU/7 NET/0
oneflow-27:1111460:1111567 [5] NCCL INFO === System : maxBw 7.0 totalBw 24.0 ===
oneflow-27:1111460:1111567 [5] NCCL INFO CPU/0 (1/1/2)
oneflow-27:1111460:1111567 [5] NCCL INFO + PCI[24.0] - PCI/C000 (11f8400011f8beef)
oneflow-27:1111460:1111567 [5] NCCL INFO               + PCI[24.0] - GPU/F000 (0)
oneflow-27:1111460:1111567 [5] NCCL INFO               + PCI[24.0] - GPU/10000 (1)
oneflow-27:1111460:1111567 [5] NCCL INFO               + PCI[24.0] - GPU/11000 (2)
oneflow-27:1111460:1111567 [5] NCCL INFO               + PCI[24.0] - GPU/12000 (3)
oneflow-27:1111460:1111567 [5] NCCL INFO + SYS[10.0] - CPU/1
oneflow-27:1111460:1111567 [5] NCCL INFO CPU/1 (1/1/2)
oneflow-27:1111460:1111567 [5] NCCL INFO + PCI[24.0] - PCI/98000 (11f8400011f8beef)
oneflow-27:1111460:1111567 [5] NCCL INFO               + PCI[24.0] - GPU/9B000 (4)
oneflow-27:1111460:1111567 [5] NCCL INFO               + PCI[24.0] - GPU/9C000 (5)
oneflow-27:1111460:1111567 [5] NCCL INFO               + PCI[24.0] - GPU/9D000 (6)
oneflow-27:1111460:1111567 [5] NCCL INFO               + PCI[24.0] - GPU/9E000 (7)
oneflow-27:1111460:1111567 [5] NCCL INFO               + PCI[24.0] - NIC/9A000
oneflow-27:1111460:1111567 [5] NCCL INFO                             + NET[7.0] - NET/0 (30c7170003fd7010/1/7.000000)
oneflow-27:1111460:1111567 [5] NCCL INFO + SYS[10.0] - CPU/0
oneflow-27:1111460:1111567 [5] NCCL INFO ==========================================
oneflow-27:1111460:1111567 [5] NCCL INFO GPU/F000 :GPU/F000 (0/5000.000000/LOC) GPU/10000 (4/24.000000/PHB) GPU/11000 (4/24.000000/PHB) GPU/12000 (4/24.000000/PHB) GPU/9B000 (5/10.000000/SYS) GPU/9C000 (5/10.000000/SYS) GPU/9D000 (5/10.000000/SYS) GPU/9E000 (5/10.000000/SYS) CPU/0 (2/24.000000/PHB) CPU/1 (3/10.000000/SYS) NET/0 (6/7.000000/SYS) 
oneflow-27:1111460:1111567 [5] NCCL INFO GPU/10000 :GPU/F000 (4/24.000000/PHB) GPU/10000 (0/5000.000000/LOC) GPU/11000 (4/24.000000/PHB) GPU/12000 (4/24.000000/PHB) GPU/9B000 (5/10.000000/SYS) GPU/9C000 (5/10.000000/SYS) GPU/9D000 (5/10.000000/SYS) GPU/9E000 (5/10.000000/SYS) CPU/0 (2/24.000000/PHB) CPU/1 (3/10.000000/SYS) NET/0 (6/7.000000/SYS) 
oneflow-27:1111460:1111567 [5] NCCL INFO GPU/11000 :GPU/F000 (4/24.000000/PHB) GPU/10000 (4/24.000000/PHB) GPU/11000 (0/5000.000000/LOC) GPU/12000 (4/24.000000/PHB) GPU/9B000 (5/10.000000/SYS) GPU/9C000 (5/10.000000/SYS) GPU/9D000 (5/10.000000/SYS) GPU/9E000 (5/10.000000/SYS) CPU/0 (2/24.000000/PHB) CPU/1 (3/10.000000/SYS) NET/0 (6/7.000000/SYS) 
oneflow-27:1111460:1111567 [5] NCCL INFO GPU/12000 :GPU/F000 (4/24.000000/PHB) GPU/10000 (4/24.000000/PHB) GPU/11000 (4/24.000000/PHB) GPU/12000 (0/5000.000000/LOC) GPU/9B000 (5/10.000000/SYS) GPU/9C000 (5/10.000000/SYS) GPU/9D000 (5/10.000000/SYS) GPU/9E000 (5/10.000000/SYS) CPU/0 (2/24.000000/PHB) CPU/1 (3/10.000000/SYS) NET/0 (6/7.000000/SYS) 
oneflow-27:1111460:1111567 [5] NCCL INFO GPU/9B000 :GPU/F000 (5/10.000000/SYS) GPU/10000 (5/10.000000/SYS) GPU/11000 (5/10.000000/SYS) GPU/12000 (5/10.000000/SYS) GPU/9B000 (0/5000.000000/LOC) GPU/9C000 (4/24.000000/PHB) GPU/9D000 (4/24.000000/PHB) GPU/9E000 (4/24.000000/PHB) CPU/0 (3/10.000000/SYS) CPU/1 (2/24.000000/PHB) NET/0 (5/7.000000/PHB) 
oneflow-27:1111460:1111567 [5] NCCL INFO GPU/9C000 :GPU/F000 (5/10.000000/SYS) GPU/10000 (5/10.000000/SYS) GPU/11000 (5/10.000000/SYS) GPU/12000 (5/10.000000/SYS) GPU/9B000 (4/24.000000/PHB) GPU/9C000 (0/5000.000000/LOC) GPU/9D000 (4/24.000000/PHB) GPU/9E000 (4/24.000000/PHB) CPU/0 (3/10.000000/SYS) CPU/1 (2/24.000000/PHB) NET/0 (5/7.000000/PHB) 
oneflow-27:1111460:1111567 [5] NCCL INFO GPU/9D000 :GPU/F000 (5/10.000000/SYS) GPU/10000 (5/10.000000/SYS) GPU/11000 (5/10.000000/SYS) GPU/12000 (5/10.000000/SYS) GPU/9B000 (4/24.000000/PHB) GPU/9C000 (4/24.000000/PHB) GPU/9D000 (0/5000.000000/LOC) GPU/9E000 (4/24.000000/PHB) CPU/0 (3/10.000000/SYS) CPU/1 (2/24.000000/PHB) NET/0 (5/7.000000/PHB) 
oneflow-27:1111460:1111567 [5] NCCL INFO GPU/9E000 :GPU/F000 (5/10.000000/SYS) GPU/10000 (5/10.000000/SYS) GPU/11000 (5/10.000000/SYS) GPU/12000 (5/10.000000/SYS) GPU/9B000 (4/24.000000/PHB) GPU/9C000 (4/24.000000/PHB) GPU/9D000 (4/24.000000/PHB) GPU/9E000 (0/5000.000000/LOC) CPU/0 (3/10.000000/SYS) CPU/1 (2/24.000000/PHB) NET/0 (5/7.000000/PHB) 
oneflow-27:1111460:1111567 [5] NCCL INFO NET/0 :GPU/F000 (6/7.000000/SYS) GPU/10000 (6/7.000000/SYS) GPU/11000 (6/7.000000/SYS) GPU/12000 (6/7.000000/SYS) GPU/9B000 (5/7.000000/PHB) GPU/9C000 (5/7.000000/PHB) GPU/9D000 (5/7.000000/PHB) GPU/9E000 (5/7.000000/PHB) CPU/0 (4/7.000000/SYS) CPU/1 (3/7.000000/PHB) NET/0 (0/5000.000000/LOC) 
oneflow-27:1111460:1111569 [7] NCCL INFO Pattern 1, crossNic 0, nChannels 1, bw 4.000000/4.000000, type SYS/SYS, sameChannels 1
oneflow-27:1111460:1111569 [7] NCCL INFO  0 : NET/0 GPU/0 GPU/1 GPU/2 GPU/3 GPU/4 GPU/5 GPU/6 GPU/7 NET/0
oneflow-27:1111460:1111568 [6] NCCL INFO Pattern 4, crossNic 0, nChannels 1, bw 4.000000/4.000000, type SYS/SYS, sameChannels 1
oneflow-27:1111460:1111568 [6] NCCL INFO  0 : NET/0 GPU/0 GPU/1 GPU/2 GPU/3 GPU/4 GPU/5 GPU/6 GPU/7 NET/0
oneflow-27:1111460:1111568 [6] NCCL INFO Pattern 1, crossNic 0, nChannels 1, bw 4.000000/4.000000, type SYS/SYS, sameChannels 1
oneflow-27:1111460:1111568 [6] NCCL INFO  0 : NET/0 GPU/0 GPU/1 GPU/2 GPU/3 GPU/4 GPU/5 GPU/6 GPU/7 NET/0
oneflow-27:1111460:1111567 [5] NCCL INFO Pattern 4, crossNic 0, nChannels 1, bw 4.000000/4.000000, type SYS/SYS, sameChannels 1
oneflow-27:1111460:1111567 [5] NCCL INFO  0 : NET/0 GPU/0 GPU/1 GPU/2 GPU/3 GPU/4 GPU/5 GPU/6 GPU/7 NET/0
oneflow-27:1111460:1111567 [5] NCCL INFO Pattern 1, crossNic 0, nChannels 1, bw 4.000000/4.000000, type SYS/SYS, sameChannels 1
oneflow-27:1111460:1111567 [5] NCCL INFO  0 : NET/0 GPU/0 GPU/1 GPU/2 GPU/3 GPU/4 GPU/5 GPU/6 GPU/7 NET/0
oneflow-27:1111460:1111562 [0] NCCL INFO Tree 0 : -1 -> 0 -> 1/8/-1
oneflow-27:1111460:1111562 [0] NCCL INFO Tree 1 : 8 -> 0 -> 1/-1/-1
oneflow-27:1111460:1111563 [1] NCCL INFO Tree 0 : 0 -> 1 -> 2/-1/-1
oneflow-27:1111460:1111563 [1] NCCL INFO Tree 1 : 0 -> 1 -> 2/-1/-1
oneflow-27:1111460:1111562 [0] NCCL INFO Ring 00 : 15 -> 0 -> 1
oneflow-27:1111460:1111562 [0] NCCL INFO Ring 01 : 15 -> 0 -> 1
oneflow-27:1111460:1111563 [1] NCCL INFO Ring 00 : 0 -> 1 -> 2
oneflow-27:1111460:1111564 [2] NCCL INFO Ring 00 : 1 -> 2 -> 3
oneflow-27:1111460:1111563 [1] NCCL INFO Ring 01 : 0 -> 1 -> 2
oneflow-27:1111460:1111564 [2] NCCL INFO Ring 01 : 1 -> 2 -> 3
oneflow-27:1111460:1111567 [5] NCCL INFO Ring 00 : 4 -> 5 -> 6
oneflow-27:1111460:1111567 [5] NCCL INFO Ring 01 : 4 -> 5 -> 6
oneflow-27:1111460:1111569 [7] NCCL INFO Ring 00 : 6 -> 7 -> 8
oneflow-27:1111460:1111568 [6] NCCL INFO Ring 00 : 5 -> 6 -> 7
oneflow-27:1111460:1111568 [6] NCCL INFO Ring 01 : 5 -> 6 -> 7
oneflow-27:1111460:1111569 [7] NCCL INFO Ring 01 : 6 -> 7 -> 8
oneflow-27:1111460:1111566 [4] NCCL INFO Ring 00 : 3 -> 4 -> 5
oneflow-27:1111460:1111565 [3] NCCL INFO Ring 00 : 2 -> 3 -> 4
oneflow-27:1111460:1111566 [4] NCCL INFO Ring 01 : 3 -> 4 -> 5
oneflow-27:1111460:1111565 [3] NCCL INFO Ring 01 : 2 -> 3 -> 4